<?xml version="1.0" encoding="UTF-8"?>
<!-- Generated by org.testng.reporters.JUnitXMLReporter -->
<testsuite hostname="p001" ignored="0" name="Test" tests="4" failures="0" timestamp="2020-07-07T13:32:00 GST" time="0.077" errors="0">
  <testcase name="app" time="0.006" classname="MavenExecution.MavenSample.AppiumcodeTest"/>
  <testcase name="mobileAutomation" time="0.001" classname="MavenExecution.MavenSample.AppiumcodeTest"/>
  <testcase name="BrowserAutomation" time="0.001" classname="MavenExecution.MavenSample.SeleniumcodeTest"/>
  <testcase name="elements" time="0.0" classname="MavenExecution.MavenSample.SeleniumcodeTest"/>
</testsuite> <!-- Test -->
